<?xml version="1.0" encoding="utf-8"?>
<TestRun id="81eaa8c4-c71d-4c71-9d91-13a28df6a23b" name="HP@LAPTOP-PPAGAVBO 2025-06-30 02:48:37" runUser="LAPTOP-PPAGAVBO\HP" xmlns="http://microsoft.com/schemas/VisualStudio/TeamTest/2010">
  <Times creation="2025-06-30T02:48:37.1845411+05:30" queuing="2025-06-30T02:48:37.1845411+05:30" start="2025-06-30T02:48:34.5991827+05:30" finish="2025-06-30T02:48:37.2226366+05:30" />
  <TestSettings name="default" id="7f239693-75e0-405d-a52b-a934e49d82a8">
    <Deployment runDeploymentRoot="HP_LAPTOP-PPAGAVBO_2025-06-30_02_48_37" />
  </TestSettings>
  <Results>
    <UnitTestResult executionId="ccf0e14c-9fa5-4940-a4f5-f00ed71b5eb7" testId="a9590791-32f5-348b-88ac-a8c6b582932e" testName="SendMailToCustomer_ShouldReturnTrue_WhenMailIsSentSuccessfully" computerName="LAPTOP-PPAGAVBO" duration="00:00:00.4201490" startTime="2025-06-30T02:48:36.5397646+05:30" endTime="2025-06-30T02:48:36.9598519+05:30" testType="13cdc9d9-ddb5-4fa4-a97d-d965ccfc6d4b" outcome="Passed" testListId="8c84fa94-04c1-424b-9868-57a2d4851a1d" relativeResultsDirectory="ccf0e14c-9fa5-4940-a4f5-f00ed71b5eb7" />
  </Results>
  <TestDefinitions>
    <UnitTest name="SendMailToCustomer_ShouldReturnTrue_WhenMailIsSentSuccessfully" storage="c:\users\hp\documents\customercommlib\customercommlib.tests\bin\debug\net9.0\customercommlib.tests.dll" id="a9590791-32f5-348b-88ac-a8c6b582932e">
      <Execution id="ccf0e14c-9fa5-4940-a4f5-f00ed71b5eb7" />
      <TestMethod codeBase="C:\Users\HP\Documents\CustomerCommLib\CustomerCommLib.Tests\bin\Debug\net9.0\CustomerCommLib.Tests.dll" adapterTypeName="executor://nunit3testexecutor/" className="CustomerCommLib.Tests.CustomerCommTests" name="SendMailToCustomer_ShouldReturnTrue_WhenMailIsSentSuccessfully" />
    </UnitTest>
  </TestDefinitions>
  <TestEntries>
    <TestEntry testId="a9590791-32f5-348b-88ac-a8c6b582932e" executionId="ccf0e14c-9fa5-4940-a4f5-f00ed71b5eb7" testListId="8c84fa94-04c1-424b-9868-57a2d4851a1d" />
  </TestEntries>
  <TestLists>
    <TestList name="Results Not in a List" id="8c84fa94-04c1-424b-9868-57a2d4851a1d" />
    <TestList name="All Loaded Results" id="19431567-8539-422a-85d7-44ee4e166bda" />
  </TestLists>
  <ResultSummary outcome="Completed">
    <Counters total="1" executed="1" passed="1" failed="0" error="0" timeout="0" aborted="0" inconclusive="0" passedButRunAborted="0" notRunnable="0" notExecuted="0" disconnected="0" warning="0" completed="0" inProgress="0" pending="0" />
    <Output>
      <StdOut>NUnit Adapter 4.6.0.0: Test execution started&#xD;
Running all tests in C:\Users\HP\Documents\CustomerCommLib\CustomerCommLib.Tests\bin\Debug\net9.0\CustomerCommLib.Tests.dll&#xD;
   NUnit3TestExecutor discovered 1 of 1 NUnit test cases using Current Discovery mode, Non-Explicit run&#xD;
NUnit Adapter 4.6.0.0: Test execution complete&#xD;
</StdOut>
    </Output>
  </ResultSummary>
</TestRun>